<?xml version="1.0" encoding="UTF-8"?>
<robot generator="Robot 3.1.2 (Python 3.6.8 on linux)" generated="20191228 20:10:45.616" rpa="false">
<suite id="s1" name="loginTest" source="/home/local/THEPSI/amit.g/eclipse-workspace/CodeBreakers/ZCodeBreakers/testSuites/loginTest.robot">
<test id="s1-t1" name="Asana Valid Login">
<kw name="Open Asana Home Page And Maximize" library="loginPageKeywords">
<kw name="Open Browser" library="Selenium2Library">
<doc>Opens a new browser instance to the given ``url``.</doc>
<arguments>
<arg>${target_url}</arg>
<arg>${browser}</arg>
</arguments>
<msg timestamp="20191228 20:10:45.743" level="INFO">Opening browser 'chrome' to base url 'https://app.asana.com/-/login'.</msg>
<kw name="Capture Page Screenshot" library="Selenium2Library">
<doc>Takes screenshot of the current page and embeds it into log file.</doc>
<msg timestamp="20191228 20:10:46.811" level="INFO">Cannot capture screenshot because no browser is open.</msg>
<status status="PASS" starttime="20191228 20:10:46.810" endtime="20191228 20:10:46.811"></status>
</kw>
<msg timestamp="20191228 20:10:46.813" level="FAIL">WebDriverException: Message: unknown error: Chrome failed to start: exited abnormally
  (unknown error: DevToolsActivePort file doesn't exist)
  (The process started from chrome location /usr/bin/google-chrome is no longer running, so ChromeDriver is assuming that Chrome has crashed.)
</msg>
<status status="FAIL" starttime="20191228 20:10:45.742" endtime="20191228 20:10:46.813"></status>
</kw>
<status status="FAIL" starttime="20191228 20:10:45.742" endtime="20191228 20:10:46.813"></status>
</kw>
<status status="FAIL" starttime="20191228 20:10:45.742" endtime="20191228 20:10:46.813" critical="yes">WebDriverException: Message: unknown error: Chrome failed to start: exited abnormally
  (unknown error: DevToolsActivePort file doesn't exist)
  (The process started from chrome location /usr/bin/google-chrome is no longer running, so ChromeDriver is assuming that Chrome has crashed.)
</status>
</test>
<status status="FAIL" starttime="20191228 20:10:45.616" endtime="20191228 20:10:46.815"></status>
</suite>
<statistics>
<total>
<stat pass="0" fail="1">Critical Tests</stat>
<stat pass="0" fail="1">All Tests</stat>
</total>
<tag>
</tag>
<suite>
<stat pass="0" fail="1" id="s1" name="loginTest">loginTest</stat>
</suite>
</statistics>
<errors>
</errors>
</robot>
